<?xml version="1.0" encoding="UTF-8"?>
<!-- Generated by org.testng.reporters.JUnitReportReporter -->
<testsuite hostname="LAPTOP-V8SCU2VI" failures="0" tests="4" name="craftsoftware.Testone" time="30.227" errors="0" timestamp="2022-07-29T21:37:54 EDT" skipped="0">
  <testcase classname="craftsoftware.Testone" name="landingPage" time="0.506"/>
  <system-out/>
  <testcase classname="craftsoftware.Testone" name="productPage" time="16.178"/>
  <system-out/>
  <testcase classname="craftsoftware.Testone" name="loginPage" time="6.339"/>
  <system-out/>
  <testcase classname="craftsoftware.Testone" name="initBrowser" time="7.204"/>
  <system-out/>
</testsuite> <!-- craftsoftware.Testone -->
